O O O O
O O O O O
O O O O O O
O O O O O O O O O
O O O O O O
O O O O
O O O O O O
B-DELIVERY_PERSON O O B-DELIVERY_OBJECT_SIZE B-DELIVERY_OBJECT_COLOR B-DELIVERY_OBJECT O O O O O B-DELIVERY_OBJECT O O B-DELIVERY_POSITION
O O O O
O O O O
O O O O O
O O O O O
O O O O O O O
O O O O
O O O O
O O O O O O O B-DELIVERY_OBJECT_SIZE B-DELIVERY_OBJECT_COLOR B-DELIVERY_OBJECT O B-DELIVERY_PERSON O B-DELIVERY_PERSON O O B-DELIVERY_POSITION
O O O O
O O O O O
O O O O O
O O O O
O O O O O O
O O O O
O O O O
O O O O O O O B-DELIVERY_OBJECT_SIZE B-DELIVERY_OBJECT_COLOR B-DELIVERY_OBJECT O B-DELIVERY_POSITION O B-DELIVERY_PERSON O B-DELIVERY_OBJECT
O O O O O
O O O O O O
O O O O O O O O
O O O O O
O O O O
O O O
O O O O O O
O O O O B-DELIVERY_OBJECT_SIZE B-DELIVERY_OBJECT_COLOR B-DELIVERY_OBJECT O O B-DELIVERY_POSITION O O O O O B-DELIVERY_OBJECT O B-DELIVERY_PERSON
O O O O
O O O O O O
O O O O O O O O O
O O O O
O O O O O O
O O O O
O O
O O O O O B-DELIVERY_OBJECT_SIZE B-DELIVERY_OBJECT_COLOR B-DELIVERY_OBJECT O B-DELIVERY_POSITION O O B-DELIVERY_OBJECT O B-DELIVERY_PERSON
O O O O O O O
O O O O O O
O O O O O O O
O O O O O
O O O O O O
O O O O O
O O O O O
O O O O O B-DELIVERY_OBJECT O B-DELIVERY_PERSON O B-DELIVERY_PERSON O O B-DELIVERY_POSITION O O O O B-DELIVERY_OBJECT_SIZE B-DELIVERY_OBJECT_COLOR B-DELIVERY_OBJECT
O O
O O O
O O O O O O O
O O O O O O O
O O O O
O O O
O O O O
O O O O B-DELIVERY_OBJECT_SIZE B-DELIVERY_OBJECT_COLOR B-DELIVERY_OBJECT O B-DELIVERY_POSITION O O B-DELIVERY_OBJECT O O B-DELIVERY_PERSON
O O O
O O O O O
O O O O O
O O
O O O O O
O O O O
O O O O O
O O O O O O O B-DELIVERY_OBJECT O B-DELIVERY_PERSON O O O B-DELIVERY_OBJECT_SIZE B-DELIVERY_OBJECT_COLOR B-DELIVERY_OBJECT O O O O B-DELIVERY_OBJECT O B-DELIVERY_POSITION
O O O O O
O O O
O O O O
O O O O O O
O O O O
O O O
O O O O
O O O O O O O O O B-DELIVERY_OBJECT_SIZE B-DELIVERY_OBJECT_COLOR B-DELIVERY_OBJECT O B-DELIVERY_PERSON O B-DELIVERY_POSITION
O O O
O O O O O
O O O O O O O
O O O O O O O O
O O O O
O O O O O
O O O
O O O O O O O B-DELIVERY_OBJECT O O B-DELIVERY_POSITION O O O O O O O B-DELIVERY_PERSON O O O O B-DELIVERY_OBJECT_SIZE B-DELIVERY_OBJECT_COLOR B-DELIVERY_OBJECT
O O O O O
O O O
O O O O O O O O
O O O O O O O
O O O O O O
O O O O O O
O O
O O O O O O B-DELIVERY_OBJECT O O B-I-DELIVERY_PERSON O O O O O B-DELIVERY_PERSON O B-DELIVERY_OBJECT O O B-DELIVERY_OBJECT_SIZE B-DELIVERY_OBJECT_COLOR
O O O O O O O
O O O O O O O
O O O O O
O O O O O O O O O
O O O O O
O O O O O O
O O O O O
O O O O B-DELIVERY_OBJECT O B-DELIVERY_PERSON O O O O B-DELIVERY_POSITION O B-DELIVERY_OBJECT O O B-DELIVERY_OBJECT_SIZE B-DELIVERY_OBJECT_COLOR B-DELIVERY_OBJECT
O O O
O O O O O O O O O
O O O O O O
O O O O O
O O O O O
O O O O
O O O O O
O O O O O O B-DELIVERY_OBJECT_SIZE B-DELIVERY_OBJECT_COLOR B-DELIVERY_OBJECT O O B-DELIVERY_POSITION O O O O O B-DELIVERY_OBJECT O B-DELIVERY_PERSON
O O O O
O O O O O O O O
O O O O O O O O
O O O O O
O O O O O O
O O O O
O O O
O O O O O B-DELIVERY_OBJECT O B-DELIVERY_PERSON O B-I-DELIVERY_PERSON O O B-DELIVERY_POSITION O O B-DELIVERY_OBJECT O O B-DELIVERY_OBJECT_SIZE B-DELIVERY_OBJECT_COLOR B-DELIVERY_OBJECT
O O O O O
O O O O O O
O O O O O
O O O O O O O
O O O O O O
O O O O O O
O O O O
O O B-DELIVERY_OBJECT_SIZE B-DELIVERY_OBJECT_COLOR B-DELIVERY_OBJECT O B-DELIVERY_POSITION O O B-DELIVERY_OBJECT O B-DELIVERY_PERSON